<?xml version="1.0" encoding="UTF-8"?>
<Site BuildName="Darwin-aarch64-apple-darwin20-g++-11"
	BuildStamp="20231217-2146-Experimental"
	Name="Ansels-MacBook-Air-2.local"
	Generator="ctest-3.22.3"
	CompilerName="/opt/homebrew/bin/aarch64-apple-darwin20-g++-11"
	CompilerVersion="11.2.0"
	OSName="macOS"
	Hostname="Ansels-MacBook-Air-2.local"
	OSRelease="12.4"
	OSVersion="21F79"
	OSPlatform="arm64"
	Is64Bits="1"
	VendorString="IBM"
	VendorID="IBM"
	FamilyID="16777228"
	ModelID="2"
	ProcessorCacheSize="131072"
	NumberOfLogicalCPU="8"
	NumberOfPhysicalCPU="8"
	TotalVirtualMemory="4096"
	TotalPhysicalMemory="8192"
	LogicalProcessorsPerPhysical="8"
	ProcessorClockFrequency="0"
	>
	<Testing>
		<StartDateTime>Dec 17 16:46 EST</StartDateTime>
		<StartTestTime>1702849586</StartTestTime>
		<TestList/>
		<EndDateTime>Dec 17 16:46 EST</EndDateTime>
		<EndTestTime>1702849586</EndTestTime>
		<ElapsedMinutes>0</ElapsedMinutes>
	</Testing>
</Site>
