<?xml version="1.0" encoding="UTF-8"?>
<Site BuildName="Darwin-aarch64-apple-darwin20-g++-11"
	BuildStamp="20231128-1043-Experimental"
	Name="Ansels-MacBook-Air-2.local"
	Generator="ctest-3.22.3"
	CompilerName="/opt/homebrew/bin/aarch64-apple-darwin20-g++-11"
	CompilerVersion="11.2.0"
	OSName="macOS"
	Hostname="Ansels-MacBook-Air-2.local"
	OSRelease="12.4"
	OSVersion="21F79"
	OSPlatform="arm64"
	Is64Bits="1"
	VendorString="IBM"
	VendorID="IBM"
	FamilyID="16777228"
	ModelID="2"
	ProcessorCacheSize="131072"
	NumberOfLogicalCPU="8"
	NumberOfPhysicalCPU="8"
	TotalVirtualMemory="3072"
	TotalPhysicalMemory="8192"
	LogicalProcessorsPerPhysical="8"
	ProcessorClockFrequency="0"
	>
	<Testing>
		<StartDateTime>Nov 28 05:49 EST</StartDateTime>
		<StartTestTime>1701168586</StartTestTime>
		<TestList/>
		<EndDateTime>Nov 28 05:49 EST</EndDateTime>
		<EndTestTime>1701168586</EndTestTime>
		<ElapsedMinutes>0</ElapsedMinutes>
	</Testing>
</Site>
